0 info it worked if it ends with ok
1 verbose cli [ '/usr/local/bin/node', '/usr/local/bin/npm', 'publish' ]
2 info using npm@3.9.3
3 info using node@v6.2.1
4 verbose publish [ '.' ]
5 silly cache add args [ '.', null ]
6 verbose cache add spec .
7 silly cache add parsed spec Result {
7 silly cache add   raw: '.',
7 silly cache add   scope: null,
7 silly cache add   name: null,
7 silly cache add   rawSpec: '.',
7 silly cache add   spec: '/Users/alexpikalov/ui-projects/idom-adapter',
7 silly cache add   type: 'directory' }
8 verbose addLocalDirectory /Users/alexpikalov/.npm/idom-adapter/0.0.1/package.tgz not in flight; packing
9 verbose correctMkdir /Users/alexpikalov/.npm correctMkdir not in flight; initializing
10 info lifecycle idom-adapter@0.0.1~prepublish: idom-adapter@0.0.1
11 silly lifecycle idom-adapter@0.0.1~prepublish: no script for prepublish, continuing
12 verbose tar pack [ '/Users/alexpikalov/.npm/idom-adapter/0.0.1/package.tgz',
12 verbose tar pack   '/Users/alexpikalov/ui-projects/idom-adapter' ]
13 verbose tarball /Users/alexpikalov/.npm/idom-adapter/0.0.1/package.tgz
14 verbose folder /Users/alexpikalov/ui-projects/idom-adapter
15 verbose addLocalTarball adding from inside cache /Users/alexpikalov/.npm/idom-adapter/0.0.1/package.tgz
16 verbose correctMkdir /Users/alexpikalov/.npm correctMkdir not in flight; initializing
17 silly cache afterAdd idom-adapter@0.0.1
18 verbose afterAdd /Users/alexpikalov/.npm/idom-adapter/0.0.1/package/package.json not in flight; writing
19 verbose correctMkdir /Users/alexpikalov/.npm correctMkdir not in flight; initializing
20 verbose afterAdd /Users/alexpikalov/.npm/idom-adapter/0.0.1/package/package.json written
21 silly publish { name: 'idom-adapter',
21 silly publish   version: '0.0.1',
21 silly publish   description: 'Incremental DOM adapters',
21 silly publish   main: 'lib/idom.js',
21 silly publish   scripts: { test: 'echo "Error: no test specified" && exit 1' },
21 silly publish   repository:
21 silly publish    { type: 'git',
21 silly publish      url: 'git+https://github.com/AlexPikalov/idom-adapter.git' },
21 silly publish   keywords: [ 'incremental', 'dom' ],
21 silly publish   author: { name: 'Alex Pikalov' },
21 silly publish   license: 'MIT',
21 silly publish   bugs: { url: 'https://github.com/AlexPikalov/idom-adapter/issues' },
21 silly publish   homepage: 'https://github.com/AlexPikalov/idom-adapter#readme',
21 silly publish   devDependencies: { 'babel-cli': '^6.10.1', 'babel-preset-es2015': '^6.9.0' },
21 silly publish   readme: '# idom-adaptor\nIt provides very simple adaptors for [Incremental DOM](http://google.github.io/incremental-dom).\n\n## Abstract classes (interfaces)\nThere are few abstract classes which in fact provide usefull interfaces for further patches.\n\n* `AttachableNode` is an abstract class that has one empty method `attach`\n* `AbstractEl` implements `AttachableNode` and has following methods: `patch` - empty method that should be implemented in concrete elements, `attach` - implementation of AttachableNode\'s `attach` method, `beforeAttach` and `afterAttach` - life-cicle hooks are being invoked before and after element rendering respectively.\n \n## Concrete classes\nThese classes are just tiny wrappers over Incremental DOM\'s `elementOpen`/`elementClose`, `elementVoid` and `text`\n\n* `new El(el, attrs, children, id)` - adaptor for non-empty elements. It takes following arguments: `el` - tag name (required), `attrs` - `{staticAttrs: [], dynamicAttrs: []}` (optional), `children` - array that can contain any class that implements `AttachableNode` (optional), `id` - Incrementa DOM\'s key (optional). It implements `AbstractEl`.\n* `new ElVoid(el, attrs, id)` - adaptor for `elementVoid`. It takes following arguments: `el` - tag name (required), `attrs` - `{staticAttrs: [], dynamicAttrs: []}` (optional), `id` - Incrementa DOM\'s key (optional). On attach it attaches chilred recursively. It implements `AbstractEl`.\n* `new Text(text)` - adaptor for `text`. It takes only one argument the text that will be rendered. Implements `AttachableNode` interface.\n\n## Helpers\n* `ipatch(hostEl, el, data)` - wrapper over Incremental DOM\'s patch. `hostEl` - HTML element where `el` will be rendered, `el` is an adaptor that implements `AttachableNode` interface. Data is a data that will be passed to `patch` function as a third argument.\n\n## Get from JSX\nMore details about JSX itself can be found in [specification](https://facebook.github.io/jsx/)\n\nThere is a [Babel plugin](https://github.com/AlexPikalov/babel-plugin-transform-idom-jsx) that converts JSX into plain JavaScript + idom adaptors.\n',
21 silly publish   readmeFilename: 'README.md',
21 silly publish   gitHead: '0625ec62d09783c59184cbd44946bb1a356ff930',
21 silly publish   _id: 'idom-adapter@0.0.1',
21 silly publish   _shasum: 'fc31ead9da8e1f584343e37c0c1f6ab536a07237',
21 silly publish   _from: '.' }
22 verbose getPublishConfig undefined
23 silly mapToRegistry name idom-adapter
24 silly mapToRegistry using default registry
25 silly mapToRegistry registry https://registry.npmjs.org/
26 silly mapToRegistry data Result {
26 silly mapToRegistry   raw: 'idom-adapter',
26 silly mapToRegistry   scope: null,
26 silly mapToRegistry   name: 'idom-adapter',
26 silly mapToRegistry   rawSpec: '',
26 silly mapToRegistry   spec: 'latest',
26 silly mapToRegistry   type: 'tag' }
27 silly mapToRegistry uri https://registry.npmjs.org/idom-adapter
28 verbose publish registryBase https://registry.npmjs.org/
29 silly publish uploading /Users/alexpikalov/.npm/idom-adapter/0.0.1/package.tgz
30 verbose request uri https://registry.npmjs.org/idom-adapter
31 verbose request sending authorization for write operation
32 info attempt registry request try #1 at 10:08:56 AM
33 verbose request using bearer token for auth
34 verbose request id 7c7d8816cb2c59f0
35 http request PUT https://registry.npmjs.org/idom-adapter
36 http 403 https://registry.npmjs.org/idom-adapter
37 verbose headers { 'content-type': 'application/json',
37 verbose headers   'cache-control': 'max-age=300',
37 verbose headers   'content-length': '95',
37 verbose headers   'accept-ranges': 'bytes',
37 verbose headers   date: 'Thu, 23 Jun 2016 08:08:57 GMT',
37 verbose headers   via: '1.1 varnish',
37 verbose headers   connection: 'keep-alive',
37 verbose headers   'x-served-by': 'cache-fra1232-FRA',
37 verbose headers   'x-cache': 'MISS',
37 verbose headers   'x-cache-hits': '0',
37 verbose headers   'x-timer': 'S1466669336.499886,VS0,VE884',
37 verbose headers   vary: 'Accept-Encoding' }
38 verbose request invalidating /Users/alexpikalov/.npm/registry.npmjs.org/idom-adapter on PUT
39 error publish Failed PUT 403
40 verbose stack Error: "You cannot publish over the previously published version 0.0.1." : idom-adapter
40 verbose stack     at makeError (/usr/local/lib/node_modules/npm/node_modules/npm-registry-client/lib/request.js:264:12)
40 verbose stack     at CachingRegistryClient.<anonymous> (/usr/local/lib/node_modules/npm/node_modules/npm-registry-client/lib/request.js:252:14)
40 verbose stack     at Request._callback (/usr/local/lib/node_modules/npm/node_modules/npm-registry-client/lib/request.js:172:14)
40 verbose stack     at Request.self.callback (/usr/local/lib/node_modules/npm/node_modules/request/request.js:200:22)
40 verbose stack     at emitTwo (events.js:106:13)
40 verbose stack     at Request.emit (events.js:191:7)
40 verbose stack     at Request.<anonymous> (/usr/local/lib/node_modules/npm/node_modules/request/request.js:1067:10)
40 verbose stack     at emitOne (events.js:101:20)
40 verbose stack     at Request.emit (events.js:188:7)
40 verbose stack     at IncomingMessage.<anonymous> (/usr/local/lib/node_modules/npm/node_modules/request/request.js:988:12)
41 verbose statusCode 403
42 verbose pkgid idom-adapter
43 verbose cwd /Users/alexpikalov/ui-projects/idom-adapter
44 error Darwin 14.5.0
45 error argv "/usr/local/bin/node" "/usr/local/bin/npm" "publish"
46 error node v6.2.1
47 error npm  v3.9.3
48 error code E403
49 error "You cannot publish over the previously published version 0.0.1." : idom-adapter
50 error If you need help, you may report this error at:
50 error     <https://github.com/npm/npm/issues>
51 verbose exit [ 1, true ]
